---------------------------------------------
Log D:\SteamLibrary\steamapps\common\DayZServer\config\script_2026-07-15_22-18-21.log started at 15.07. 22:18:22

SCRIPT       : Module: GameLib; loaded 18x files; 26x classes; used 39/2097 kB (1%) of static memory; defines: "DAYZ_1_29,SERVER_FOR_WINDOWS,SERVER,PLATFORM_WINDOWS,RELEASE,NO_GUI,NO_GUI_INGAME,sakhal,JM_CommunityFramework,CF_MODULE_CONFIG,CF_EXPRESSION,C
SCRIPT       : Registered 350 temporary action enum(s), UAN==350
SCRIPT       : Module: Game; loaded 551x files; 1731x classes; used 4721/33554 kB (14%) of static memory; defines: "DAYZ_1_29,SERVER_FOR_WINDOWS,SERVER,PLATFORM_WINDOWS,RELEASE,NO_GUI,NO_GUI_INGAME,sakhal,JM_CommunityFramework,CF_MODULE_CONFIG,CF_EXPRESSI
SCRIPT       : ... Backlit Effects Enabled
SCRIPT       : VPPNotificationManager()
SCRIPT       : [VPPAT] Internal VPPNotifications module loaded!
SCRIPT       : [DayZ Game]:: DayZGame(): Initializing V++ Admin Tools.
SCRIPT       : Module: World; loaded 2325x files; 6021x classes; used 9796/33554 kB (29%) of static memory; defines: "DAYZ_1_29,SERVER_FOR_WINDOWS,SERVER,PLATFORM_WINDOWS,RELEASE,NO_GUI,NO_GUI_INGAME,sakhal,JM_CommunityFramework,CF_MODULE_CONFIG,CF_EXPRES
 SCRIPT       : Module: Mission; loaded 311x files; 636x classes; used 4206/33554 kB (12%) of static memory; defines: "DAYZ_1_29,SERVER_FOR_WINDOWS,SERVER,PLATFORM_WINDOWS,RELEASE,NO_GUI,NO_GUI_INGAME,sakhal,JM_CommunityFramework,CF_MODULE_CONFIG,CF_EXPRE
 SCRIPT       : Module: $CurrentDir:mpmissions\dayzOffline.chernarusplus\init.c; loaded 1x files; 1x classes; used 4/1048 kB (0%) of static memory; defines: "DAYZ_1_29,SERVER_FOR_WINDOWS,SERVER,PLATFORM_WINDOWS,RELEASE,NO_GUI,NO_GUI_INGAME,sakhal,JM_Commu
 SCRIPT       : [SERVER :: Vanilla++ AdminTools Plugins Registering]
 SCRIPT       : [ZEN|2026.07.15 22:18:46] [ZenConfig] Creating file: ZenSkillsConfig.json
 SCRIPT       : [VPPAdminTools] credentials.txt was not found. The tool will not operate as intended. Please shutdown the server, and create a password within credentials.txt (Maximum 64 characters)
 SCRIPT       : [PluginZenSkills] :: OnInit.
 SCRIPT       : [ZEN|2026.07.15 22:18:46] [ZenConfig] Creating file: ZenSkillsEXP.json
 SCRIPT       : [ZEN|2026.07.15 22:18:46] [ZenModCore] MissionBase()
 SCRIPT       : [ZenModCore] Listing CfgMods:
 SCRIPT       : #ifdef defaultAction
 SCRIPT       : #ifdef DayZ
 SCRIPT       : #ifdef sakhal
 SCRIPT       : #ifdef JM_CommunityFramework
 SCRIPT       : #ifdef AVPPAdminTools
 SCRIPT       : #ifdef ZenModCore
 SCRIPT       : #ifdef ZenSkills
 SCRIPT       : #ifdef Nomadbackpack_v3
 SCRIPT       : [ZEN|2026.07.15 22:18:46] [ZenObjectHookSpawner] Init.
 SCRIPT       : [ZEN|2026.07.15 22:18:46] [ZenModCore] OnInit.
 SCRIPT       : [ZEN|2026.07.15 22:18:46] MissionBase::OnInit
 SCRIPT       : [ZEN|2026.07.15 22:18:46] [ZenModCore] ********** FRESH WIPE DETECTED! **********
 SCRIPT       : [ZEN|2026.07.15 22:18:46] [ZenModCore::ZenConfigRegister] Registering ZenConfigRegister RPCs.
 SCRIPT       : [ZEN|2026.07.15 22:18:46] [ZenConfig] Loading config files for map: chernarusplus
 SCRIPT       : [ZEN|2026.07.15 22:18:46] [ZenConfig] Creating file: ZenCoreConfig.json
 SCRIPT       : [ZEN|2026.07.15 22:18:46] [ZenConfig] Creating file: ZenSkillsHighscoresDB.json
 SCRIPT       : [ZEN|2026.07.15 22:18:46] [ZenAdminCommandHandler] Init RPCs.
 SCRIPT       : [ZEN|2026.07.15 22:18:46] Server session count: 0
 SCRIPT       : [ZEN|2026.07.15 22:18:46] [ZenCoreConfig] Saving to file: $profile:Zenarchist\Core\ZenCoreConfig.json
 SCRIPT       : [ZEN|2026.07.15 22:18:46] [ZenCoreConfig] Saving to file: $profile:Zenarchist\Core\ZenCoreConfig.json
 SCRIPT       : [MissionServer] OnInit - Server
 SCRIPT       : [ZenSkills] MissionServer::OnInit
 SCRIPT       : [ZEN|2026.07.15 22:18:46] MissionBase::OnMissionStart
 SCRIPT       : [MissionServer] OnMissionStart - Server
 SCRIPT       : string dirtyName = 'EXAMPLENAME'
 SCRIPT       : [ZEN|2026.07.15 22:18:46] [ZenModCore] OnMissionStart.
SCRIPT       : m_LoginTimeMs: 16200
SCRIPT       : [ZEN|2026.07.15 22:19:39] [ZenObjectHookSpawner] No hook configs to dump positions of.
 SCRIPT       : [ZEN|2026.07.15 22:19:41] MissionBase::OnMissionFinish
 SCRIPT       : [MissionServer] OnMissionFinish - Server
 SCRIPT       : [ZEN|2026.07.15 22:19:41] [ZenModCore] OnMissionFinish.
 SCRIPT       : [ZEN|2026.07.15 22:19:41] Server shutdown detected.
 SCRIPT       : [ZEN|2026.07.15 22:19:41] Saving all DBs.
 SCRIPT       : [ZEN|2026.07.15 22:19:41] ~MissionBase()
 SCRIPT       : [PluginZenSkills] :: OnDestroy.
 SCRIPT       : [ZEN|2026.07.15 22:19:41] [ZenAdminCommandHandler] Destroyed.
 SCRIPT       : ~DayZGame()
 SCRIPT       : Cleaning up script module globals 'Game'
  SCRIPT       : [ZEN|2026.07.15 22:19:42] [ZenConfig] Destroyed: ZenCoreConfig
  SCRIPT       : [ZEN|2026.07.15 22:19:42] [ZenConfig] Destroyed: ZenSkillsHighscoresDB
  SCRIPT       : [ZEN|2026.07.15 22:19:42] [ZenConfig] Destroyed: ZenSkillsClientConfig
  SCRIPT       : [ZEN|2026.07.15 22:19:42] [ZenConfig] Destroyed: ZenSkillsConfig
  SCRIPT       : [ZEN|2026.07.15 22:19:42] [ZenConfig] Destroyed: ZenSkillsEXP
